[14:24:12.169] [INFO   ] thread main starting.
[14:24:12.192] [SEVERE ] cannot read configuration file config.properties trying from resources.
[14:24:12.202] [SEVERE ] configuration file was loaded from resources directory.
[14:24:14.908] [INFO   ] thread dealer starting.
[14:24:14.992] [INFO   ] Thread dealer starting.
[14:24:15.003] [INFO   ] Thread player_0starting.
[14:24:15.011] [INFO   ] Thread computer-0 starting.
[14:24:15.024] [INFO   ] Thread player_2starting.
[14:24:15.024] [INFO   ] Thread player_3starting.
[14:24:15.024] [INFO   ] Thread player_1starting.
[14:24:15.026] [INFO   ] Thread computer-3 starting.
[14:24:15.027] [INFO   ] Thread computer-2 starting.
[14:24:15.026] [INFO   ] Thread computer-1 starting.
[14:24:15.187] [SEVERE ] placing card 53 in slot 11
[14:24:15.634] [SEVERE ] placing card 0 in slot 2
[14:24:15.634] [SEVERE ] placing card 50 in slot 5
[14:24:15.634] [SEVERE ] placing card 34 in slot 6
[14:24:15.635] [SEVERE ] placing card 73 in slot 3
[14:24:15.635] [SEVERE ] placing card 27 in slot 10
[14:24:15.635] [SEVERE ] placing card 47 in slot 9
[14:24:15.635] [SEVERE ] placing card 7 in slot 1
[14:24:15.636] [SEVERE ] placing card 20 in slot 0
[14:24:15.636] [SEVERE ] placing card 76 in slot 7
[14:24:15.636] [SEVERE ] placing card 35 in slot 8
[14:24:15.637] [SEVERE ] placing card 55 in slot 4
[14:24:15.638] [SEVERE ] updating countdown to 6700
[14:24:15.639] [SEVERE ] setting player 1 freeze to -1672835055639
[14:24:15.640] [SEVERE ] setting player 2 freeze to -1672835055640
[14:24:15.641] [SEVERE ] setting player 3 freeze to -1672835055641
[14:24:15.643] [SEVERE ] setting player 4 freeze to -1672835055643
[14:24:15.693] [SEVERE ] player 1 placing token on slot 0
[14:24:15.693] [SEVERE ] player 3 placing token on slot 2
[14:24:15.694] [SEVERE ] player 4 placing token on slot 7
[14:24:15.694] [SEVERE ] player 2 placing token on slot 0
[14:24:15.695] [SEVERE ] player 4 placing token on slot 10
[14:24:15.696] [SEVERE ] player 3 placing token on slot 9
[14:24:15.696] [SEVERE ] player 1 placing token on slot 4
[14:24:15.697] [SEVERE ] player 3 placing token on slot 6
[14:24:15.698] [SEVERE ] player 4 placing token on slot 5
[14:24:15.699] [SEVERE ] player 2 placing token on slot 3
[14:24:15.699] [SEVERE ] player 1 placing token on slot 9
[14:24:15.700] [SEVERE ] player 2 placing token on slot 8
[14:24:15.707] [INFO   ] thread dealer terminated.
[14:24:18.709] [SEVERE ] thanks for playing... it was fun!
[14:24:18.714] [INFO   ] thread main terminated.
[14:24:18.715] [SEVERE ] disposing of user interface elements
